<?xml version="1.0" encoding="UTF-8"?>
<!-- Generated by org.testng.reporters.JUnitReportReporter -->
<testsuite hostname="WL361485" failures="0" tests="4" name="com.tieto.test.LoginTest" time="29.988" errors="0" timestamp="2020-07-03T17:05:24 IST" skipped="1">
  <testcase classname="com.tieto.test.LoginTest" name="checkLinkCountTest" time="9.502"/>
  <system-out/>
  <testcase classname="com.tieto.test.LoginTest" name="invalidCredentialTest" time="10.230"/>
  <system-out/>
  <testcase classname="com.tieto.test.LoginTest" name="validCredentialTest" time="8.270">
    <skipped/>
  </testcase> <!-- validCredentialTest -->
  <system-out/>
  <testcase classname="com.tieto.test.LoginTest" name="invalidCredentialTest" time="1.986"/>
  <system-out/>
</testsuite> <!-- com.tieto.test.LoginTest -->
